[ 2026-06-05 12:10:41,474 ] 24 root - INFO - Starting Data Ingestion Method
[ 2026-06-05 12:10:41,493 ] 28 root - INFO - Read the dataset successfully
[ 2026-06-05 12:10:41,500 ] 33 root - INFO - Initiating Train-Test Split
[ 2026-06-05 12:10:41,520 ] 39 root - INFO - Data Ingestion completed successfully
[ 2026-06-05 12:10:41,521 ] 56 root - INFO - Applying custom pandas cleaning logic
[ 2026-06-05 12:10:41,545 ] 60 root - INFO - Obtaining preprocessing object
[ 2026-06-05 12:10:41,546 ] 70 root - INFO - Applying StandardScaler to numerical features
[ 2026-06-05 12:10:41,558 ] 33 root - INFO - Splitting transformed data into X and y
[ 2026-06-05 12:10:43,840 ] 67 root - INFO - Training Linear Regression...
[ 2026-06-05 12:10:57,901 ] 98 root - INFO - Linear Regression logged to MLflow - R2: 0.9747
[ 2026-06-05 12:10:58,611 ] 67 root - INFO - Training Ridge Regression...
[ 2026-06-05 12:11:10,843 ] 98 root - INFO - Ridge Regression logged to MLflow - R2: 0.9746
[ 2026-06-05 12:11:11,527 ] 67 root - INFO - Training Lasso Regression...
[ 2026-06-05 12:11:29,147 ] 98 root - INFO - Lasso Regression logged to MLflow - R2: 0.9741
[ 2026-06-05 12:11:32,529 ] 67 root - INFO - Training SVR...
[ 2026-06-05 12:12:08,555 ] 98 root - INFO - SVR logged to MLflow - R2: 0.8203
[ 2026-06-05 12:12:12,566 ] 67 root - INFO - Training Random Forest...
[ 2026-06-05 12:12:44,567 ] 98 root - INFO - Random Forest logged to MLflow - R2: 0.9687
[ 2026-06-05 12:12:45,225 ] 67 root - INFO - Training XGBoost...
[ 2026-06-05 12:13:12,581 ] 98 root - INFO - XGBoost logged to MLflow - R2: 0.9636
[ 2026-06-05 12:13:16,565 ] 108 root - INFO - Best Base Model: Linear Regression (R2: 0.9747)
[ 2026-06-05 12:13:16,566 ] 112 root - INFO - Best trained model exported successfully to artifacts.
[ 2026-06-05 12:13:16,566 ] 28 root - INFO - Splitting data for Hyperparameter Tuning
[ 2026-06-05 12:13:16,568 ] 40 root - INFO - Initializing GridSearchCV for Ridge Regression
[ 2026-06-05 12:13:20,787 ] 60 root - INFO - Executing Hyperparameter Tuning. This may take a moment...
[ 2026-06-05 12:13:28,795 ] 66 root - INFO - Best Parameters found: {'alpha': 1.0, 'solver': 'sparse_cg'}
[ 2026-06-05 12:13:44,597 ] 84 root - INFO - Tuned Ridge Model logged to MLflow - R2: 0.9746
[ 2026-06-05 12:13:44,599 ] 91 root - INFO - Tuned model exported successfully to artifacts/tuned_model.pkl
