[ 2026-06-04 14:36:03,179 ] 23 root - INFO - Starting Data Ingestion Method
[ 2026-06-04 14:36:03,206 ] 27 root - INFO - Read the dataset successfully
[ 2026-06-04 14:36:03,220 ] 32 root - INFO - Initiating Train-Test Split
[ 2026-06-04 14:36:03,260 ] 38 root - INFO - Data Ingestion completed successfully
[ 2026-06-04 14:36:03,275 ] 56 root - INFO - Applying custom pandas cleaning logic
[ 2026-06-04 14:36:03,323 ] 60 root - INFO - Obtaining preprocessing object
[ 2026-06-04 14:36:03,323 ] 70 root - INFO - Applying StandardScaler to numerical features
[ 2026-06-04 14:36:03,366 ] 33 root - INFO - Splitting transformed data into X and y
[ 2026-06-04 14:36:06,212 ] 63 root - INFO - Training Linear Regression...
[ 2026-06-04 14:36:30,886 ] 94 root - INFO - Linear Regression logged to MLflow - R2: 0.9747
[ 2026-06-04 14:36:30,927 ] 63 root - INFO - Training Ridge Regression...
[ 2026-06-04 14:36:42,441 ] 94 root - INFO - Ridge Regression logged to MLflow - R2: 0.9746
[ 2026-06-04 14:36:42,458 ] 63 root - INFO - Training Lasso Regression...
[ 2026-06-04 14:36:54,594 ] 94 root - INFO - Lasso Regression logged to MLflow - R2: 0.9741
[ 2026-06-04 14:36:54,613 ] 63 root - INFO - Training SVR...
[ 2026-06-04 14:37:06,321 ] 94 root - INFO - SVR logged to MLflow - R2: 0.8203
[ 2026-06-04 14:37:06,341 ] 63 root - INFO - Training Random Forest...
[ 2026-06-04 14:37:18,527 ] 94 root - INFO - Random Forest logged to MLflow - R2: 0.9687
[ 2026-06-04 14:37:18,549 ] 63 root - INFO - Training XGBoost...
[ 2026-06-04 14:37:30,822 ] 94 root - INFO - XGBoost logged to MLflow - R2: 0.9636
[ 2026-06-04 14:37:30,846 ] 104 root - INFO - Best Base Model: Linear Regression (R2: 0.9747)
[ 2026-06-04 14:37:30,848 ] 108 root - INFO - Best trained model exported successfully to artifacts.
